<?xml version="1.0" encoding="UTF-8"?>
<!-- Generated by org.testng.reporters.JUnitReportReporter -->
<testsuite hostname="DESKTOP-MSHV2HM" failures="0" tests="2" name="rahulshettyacademy.TestComponents.LoginTest" time="57.760" errors="0" timestamp="2026-04-02T15:32:06 IST" skipped="0">
  <testcase classname="rahulshettyacademy.TestComponents.LoginTest" name="loginTest2" time="2.978"/>
  <testcase classname="rahulshettyacademy.TestComponents.LoginTest" name="loginTest1" time="54.782"/>
</testsuite> <!-- rahulshettyacademy.TestComponents.LoginTest -->
