<?xml version="1.0" encoding="UTF-8"?>
<!-- Generated by org.testng.reporters.JUnitXMLReporter -->
<testsuite ignored="0" hostname="DESKTOP-MSHV2HM" failures="0" tests="3" name="Submit Order Test" time="47.958" errors="0" timestamp="2025-08-06T20:19:34 IST">
  <testcase classname="rahulsehttyacademy.tests.SubmitOrderTest" name="submitOrder" time="4.635"/>
  <testcase classname="rahulsehttyacademy.tests.SubmitOrderTest" name="submitOrder" time="3.433"/>
  <testcase classname="rahulsehttyacademy.tests.SubmitOrderTest" name="OrderHistoryTest" time="1.021"/>
</testsuite> <!-- Submit Order Test -->
